<?xml version="1.0" encoding="UTF-8"?>
<!-- Generated by org.testng.reporters.JUnitReportReporter -->
<testsuite hostname="LAPTOP-0RS3NVCQ" failures="0" tests="3" name="Runner.Runner" time="115.300" errors="0" timestamp="2022-10-12T09:17:12 EDT" skipped="0">
  <testcase classname="Runner.Runner" name="runScenario" time="37.966"/>
  <system-out/>
  <testcase classname="Runner.Runner" name="runScenario" time="38.051"/>
  <system-out/>
  <testcase classname="Runner.Runner" name="runScenario" time="39.283"/>
  <system-out/>
</testsuite> <!-- Runner.Runner -->
